[debug] [2022-08-01T02:43:32.077Z] ----------------------------------------------------------------------
[debug] [2022-08-01T02:43:32.085Z] Command:       C:\Program Files\nodejs\node.exe C:\Users\Criss\AppData\Roaming\npm\node_modules\firebase-tools\lib\bin\firebase.js init
[debug] [2022-08-01T02:43:32.087Z] CLI Version:   11.4.0
[debug] [2022-08-01T02:43:32.087Z] Platform:      win32
[debug] [2022-08-01T02:43:32.087Z] Node Version:  v16.13.2
[debug] [2022-08-01T02:43:32.089Z] Time:          Sun Jul 31 2022 23:43:32 GMT-0300 (hora estándar de Argentina)
[debug] [2022-08-01T02:43:32.090Z] ----------------------------------------------------------------------
[debug] 
[debug] [2022-08-01T02:43:32.118Z] > command requires scopes: ["email","openid","https://www.googleapis.com/auth/cloudplatformprojects.readonly","https://www.googleapis.com/auth/firebase","https://www.googleapis.com/auth/cloud-platform"]
[debug] [2022-08-01T02:43:32.120Z] > authorizing via signed-in user (rcristian1986@gmail.com)
[info] 
     ######## #### ########  ######## ########     ###     ######  ########
     ##        ##  ##     ## ##       ##     ##  ##   ##  ##       ##
     ######    ##  ########  ######   ########  #########  ######  ######
     ##        ##  ##    ##  ##       ##     ## ##     ##       ## ##
     ##       #### ##     ## ######## ########  ##     ##  ######  ########

You're about to initialize a Firebase project in this directory:

  C:\Users\Criss\Documents\Cursos\Argentina Programa\Proyecto\portfolio

[info] 
=== Project Setup
[info] 
[info] First, let's associate this project directory with a Firebase project.
[info] You can create multiple project aliases by running firebase use --add, 
[info] but for now we'll just set up a default project.
[info] 
[debug] [2022-08-01T02:44:08.765Z] >>> [apiv2][query] GET https://firebase.googleapis.com/v1beta1/projects pageSize=100
[debug] [2022-08-01T02:44:09.602Z] <<< [apiv2][status] GET https://firebase.googleapis.com/v1beta1/projects 200
[debug] [2022-08-01T02:44:09.603Z] <<< [apiv2][body] GET https://firebase.googleapis.com/v1beta1/projects [omitted]
[info] i  Using project portfoliocristianfront (portfoliocristianfront) 
[info] 
=== Hosting Setup
[info] 
[info] Your public directory is the folder (relative to your project directory) that
[info] will contain Hosting assets to be uploaded with firebase deploy. If you
[info] have a build process for your assets, use your build's output directory.
[info] 
[debug] [2022-08-01T02:57:22.536Z] ----------------------------------------------------------------------
[debug] [2022-08-01T02:57:22.541Z] Command:       C:\Program Files\nodejs\node.exe C:\Users\Criss\AppData\Roaming\npm\node_modules\firebase-tools\lib\bin\firebase.js init
[debug] [2022-08-01T02:57:22.545Z] CLI Version:   11.4.0
[debug] [2022-08-01T02:57:22.546Z] Platform:      win32
[debug] [2022-08-01T02:57:22.547Z] Node Version:  v16.13.2
[debug] [2022-08-01T02:57:22.550Z] Time:          Sun Jul 31 2022 23:57:22 GMT-0300 (hora estándar de Argentina)
[debug] [2022-08-01T02:57:22.551Z] ----------------------------------------------------------------------
[debug] 
[debug] [2022-08-01T02:57:22.583Z] > command requires scopes: ["email","openid","https://www.googleapis.com/auth/cloudplatformprojects.readonly","https://www.googleapis.com/auth/firebase","https://www.googleapis.com/auth/cloud-platform"]
[debug] [2022-08-01T02:57:22.585Z] > authorizing via signed-in user (rcristian1986@gmail.com)
[info] 
     ######## #### ########  ######## ########     ###     ######  ########
     ##        ##  ##     ## ##       ##     ##  ##   ##  ##       ##
     ######    ##  ########  ######   ########  #########  ######  ######
     ##        ##  ##    ##  ##       ##     ## ##     ##       ## ##
     ##       #### ##     ## ######## ########  ##     ##  ######  ########

You're about to initialize a Firebase project in this directory:

  C:\Users\Criss\Documents\Cursos\Argentina Programa\Proyecto\portfolio

[info] 
=== Project Setup
[info] 
[info] First, let's associate this project directory with a Firebase project.
[info] You can create multiple project aliases by running firebase use --add, 
[info] but for now we'll just set up a default project.
[info] 
